20150730152557
/cosma5/data/dr002/dc-kash1/IOR_DiRAC/NS.FPS /cosma5/data/dr002/dc-kash1/IOR_DiRAC/NS.FPS 
IOR-3.0.1: MPI Coordinated Test of Parallel I/O

ior WARNING: hints not available in POSIX.  Using value of 0.
Began: Thu Jul 30 15:25:58 2015
Command line used: /cosma5/data/dr002/dc-kash1/ior/bin/ior -vvv -b 32g -f /cosma5/data/dr002/dc-kash1/IOR_DiRAC/NS.FPS/con.ior
Machine: Linux m5364
Start time skew across all tasks: 0.00 sec

Test 0 started: Thu Jul 30 15:25:58 2015
Path: /cosma5/data/dr002/dc-kash1/IOR_DiRAC
FS: 2435.9 TiB   Used FS: 81.0%   Inodes: 1280.0 Mi   Used Inodes: 5.8%
Participating tasks: 1
Summary:
	api                = POSIX
	test filename      = /cosma5/data/dr002/dc-kash1/IOR_DiRAC/NS.FPS
	access             = file-per-process
	pattern            = segmented (1 segment)
	ordering in a file = sequential offsets
	ordering inter file= no tasks offsets
	clients            = 1 (1 per node)
	repetitions        = 1
	xfersize           = 4 MiB
	blocksize          = 32 GiB
	aggregate filesize = 32 GiB

access    bw(MiB/s)  block(KiB) xfer(KiB)  open(s)    wr/rd(s)   close(s)   total(s)   iter
------    ---------  ---------- ---------  --------   --------   --------   --------   ----
delaying 10 seconds . . .
[mpiexec@m5364] Sending Ctrl-C to processes as requested
[mpiexec@m5364] Press Ctrl-C again to force abort

------------------------------------------------------------
Sender: LSF System <hpcadmin@m5364>
Subject: Job 494982: <NS_FPS> Exited

Job <NS_FPS> was submitted from host <cosma-c> by user <dc-kash1> in cluster <cosma-p_cluster1>.
Job was executed on host(s) <16*m5364>, in queue <cosma5>, as user <dc-kash1> in cluster <cosma-p_cluster1>.
</cosma/home/dr002/dc-kash1> was used as the home directory.
</cosma5/data/dr002/dc-kash1/IOR_DiRAC/NS.FPS> was used as the working directory.
Started at Thu Jul 30 15:25:57 2015
Results reported at Thu Jul 30 15:28:33 2015

Your job looked like:

------------------------------------------------------------
# LSBATCH: User input
#!/bin/tcsh

# ior.pbs
#   Invoke ior with typical arguments and default environment
# vlaues


#BSUB -n 16
#BSUB -x
#BSUB -R "span[ptile=16]"
#BSUB -J NS_FPS
#BSUB -oo NS_FPS.out
#BSUB -eo NS_FPS.err
#BSUB -q cosma5
#BSUB -P dr002
#BSUB -W 5:00

 

module remove platform_mpi/9.1.2
module load intel_comp/c5/2015
module load intel_mpi/5.0.3

set TARGET="/cosma5/data/dr002/dc-kash1/IOR_DiRAC/NS.FPS"
set IOR="/cosma5/data/dr002/dc-kash1/ior/bin/ior"
set IOR_SCRIPT="$TARGET/con.ior"

date '+%Y%m%d%H%M%S'

pushd $TARGET

set numNodes= ( 1 )
set blockSize=( 32 )

foreach test (`seq 1`)
    set cmd="$IOR -vvv  -b $blockSize[$test]g -f $IOR_SCRIPT"
    mpirun -np $numNodes[$test] -ppn 1 $IOR -vvv  -b $blockSize[$test]g -f $IOR_SCRIPT
end
popd

------------------------------------------------------------

TERM_OWNER: job killed by owner.
Exited with exit code 130.

Resource usage summary:

    CPU time   :      0.40 sec.
    Max Memory :        17 MB
    Max Swap   :       116 MB

    Max Processes  :         7
    Max Threads    :         8

The output (if any) is above this job summary.



PS:

Read file <NS_FPS.err> for stderr output of this job.

